<?xml version="1.0" encoding="UTF-8"?>
<!-- Generated by org.testng.reporters.JUnitXMLReporter -->
<testsuite ignored="1" hostname="DESKTOP-TDS691D" failures="0" tests="3" name="test" time="0.053" errors="0" timestamp="18 Nov 2023 10:43:42 GMT">
  <testcase classname="tutorialstestng.groupingtestcases" name="test2" time="0.012"/>
  <testcase classname="tutorialstestng.groupingtestcases" name="test3" time="0.002"/>
  <testcase classname="tutorialstestng.groupingtestcases" name="test4" time="0.002"/>
  <testcase classname="tutorialstestng.groupingtestcases" name="test1" time="0.0">
    <ignored/>
  </testcase> <!-- test1 -->
</testsuite> <!-- test -->
