<?xml version="1.0" encoding="UTF-8"?>
<testng-results ignored="0" total="2" passed="2" failed="0" skipped="0">
  <reporter-output>
  </reporter-output>
  <suite started-at="2024-05-30T12:57:21Z" name="suite" finished-at="2024-05-30T12:58:08Z" duration-ms="46968">
    <groups>
    </groups>
    <test started-at="2024-05-30T12:57:21Z" name="test" finished-at="2024-05-30T12:57:47Z" duration-ms="25337">
      <class name="tests.facebook_createaccounttest">
        <test-method is-config="true" signature="config()[pri:0, instance:tests.facebook_createaccounttest@69e1dd28]" started-at="2024-05-30T12:57:21Z" name="config" finished-at="2024-05-30T12:57:22Z" duration-ms="355" status="PASS">
          <reporter-output>
          </reporter-output>
        </test-method> <!-- config -->
        <test-method signature="test(java.lang.String)[pri:0, instance:tests.facebook_createaccounttest@69e1dd28]" started-at="2024-05-30T12:57:22Z" name="test" finished-at="2024-05-30T12:57:46Z" duration-ms="24558" status="PASS">
          <params>
            <param index="0">
              <value>
                <![CDATA[TC16]]>
              </value>
            </param>
          </params>
          <reporter-output>
          </reporter-output>
        </test-method> <!-- test -->
        <test-method is-config="true" signature="aftermethod()[pri:0, instance:tests.facebook_createaccounttest@69e1dd28]" started-at="2024-05-30T12:57:46Z" name="aftermethod" finished-at="2024-05-30T12:57:47Z" duration-ms="388" status="PASS">
          <reporter-output>
          </reporter-output>
        </test-method> <!-- aftermethod -->
      </class> <!-- tests.facebook_createaccounttest -->
    </test> <!-- test -->
    <test started-at="2024-05-30T12:57:47Z" name="test1" finished-at="2024-05-30T12:58:08Z" duration-ms="21583">
      <class name="tests.facebook_createaccounttest">
        <test-method is-config="true" signature="config()[pri:0, instance:tests.facebook_createaccounttest@550ee7e5]" started-at="2024-05-30T12:57:47Z" name="config" finished-at="2024-05-30T12:57:47Z" duration-ms="13" status="PASS">
          <reporter-output>
          </reporter-output>
        </test-method> <!-- config -->
        <test-method signature="test(java.lang.String)[pri:0, instance:tests.facebook_createaccounttest@550ee7e5]" started-at="2024-05-30T12:57:47Z" name="test" finished-at="2024-05-30T12:58:08Z" duration-ms="21252" status="PASS">
          <params>
            <param index="0">
              <value>
                <![CDATA[TC20]]>
              </value>
            </param>
          </params>
          <reporter-output>
          </reporter-output>
        </test-method> <!-- test -->
        <test-method is-config="true" signature="aftermethod()[pri:0, instance:tests.facebook_createaccounttest@550ee7e5]" started-at="2024-05-30T12:58:08Z" name="aftermethod" finished-at="2024-05-30T12:58:08Z" duration-ms="318" status="PASS">
          <reporter-output>
          </reporter-output>
        </test-method> <!-- aftermethod -->
      </class> <!-- tests.facebook_createaccounttest -->
    </test> <!-- test1 -->
  </suite> <!-- suite -->
</testng-results>
